2024-02-23T10:05:50.167-05:00  INFO 15032 --- [restartedMain] c.c.inversiones.InversionesApplication   : Starting InversionesApplication using Java 17.0.9 with PID 15032 (D:\Spring\ProjectoInversion\target\classes started by Playtech in D:\Spring\ProjectoInversion)
2024-02-23T10:05:50.167-05:00  INFO 15032 --- [restartedMain] c.c.inversiones.InversionesApplication   : No active profile set, falling back to 1 default profile: "default"
2024-02-23T10:05:50.334-05:00  INFO 15032 --- [restartedMain] .s.d.r.c.RepositoryConfigurationDelegate : Bootstrapping Spring Data JPA repositories in DEFAULT mode.
2024-02-23T10:05:50.359-05:00  INFO 15032 --- [restartedMain] .s.d.r.c.RepositoryConfigurationDelegate : Finished Spring Data repository scanning in 24 ms. Found 6 JPA repository interfaces.
2024-02-23T10:05:50.462-05:00  INFO 15032 --- [restartedMain] o.s.b.w.embedded.tomcat.TomcatWebServer  : Tomcat initialized with port(s): 8091 (http)
2024-02-23T10:05:50.462-05:00  INFO 15032 --- [restartedMain] o.apache.catalina.core.StandardService   : Starting service [Tomcat]
2024-02-23T10:05:50.462-05:00  INFO 15032 --- [restartedMain] o.apache.catalina.core.StandardEngine    : Starting Servlet engine: [Apache Tomcat/10.1.8]
2024-02-23T10:05:50.478-05:00  INFO 15032 --- [restartedMain] o.a.c.c.C.[Tomcat].[localhost].[/]       : Initializing Spring embedded WebApplicationContext
2024-02-23T10:05:50.478-05:00  INFO 15032 --- [restartedMain] w.s.c.ServletWebServerApplicationContext : Root WebApplicationContext: initialization completed in 310 ms
2024-02-23T10:05:50.521-05:00  INFO 15032 --- [restartedMain] com.zaxxer.hikari.HikariDataSource       : HikariPool-7 - Starting...
2024-02-23T10:05:50.531-05:00  INFO 15032 --- [restartedMain] com.zaxxer.hikari.pool.HikariPool        : HikariPool-7 - Added connection com.mysql.cj.jdbc.ConnectionImpl@33203d74
2024-02-23T10:05:50.531-05:00  INFO 15032 --- [restartedMain] com.zaxxer.hikari.HikariDataSource       : HikariPool-7 - Start completed.
2024-02-23T10:05:50.532-05:00  INFO 15032 --- [restartedMain] SQL dialect                              : HHH000400: Using dialect: org.hibernate.dialect.MySQLDialect
2024-02-23T10:05:50.641-05:00  INFO 15032 --- [restartedMain] j.LocalContainerEntityManagerFactoryBean : Initialized JPA EntityManagerFactory for persistence unit 'default'
2024-02-23T10:05:50.809-05:00 DEBUG 15032 --- [restartedMain] org.hibernate.SQL                        : 
    select
        e1_0.id_estado_credito,
        e1_0.descripcion 
    from
        estado_credito e1_0
2024-02-23T10:05:50.867-05:00  WARN 15032 --- [restartedMain] JpaBaseConfiguration$JpaWebConfiguration : spring.jpa.open-in-view is enabled by default. Therefore, database queries may be performed during view rendering. Explicitly configure spring.jpa.open-in-view to disable this warning
2024-02-23T10:05:50.965-05:00  INFO 15032 --- [restartedMain] o.s.s.web.DefaultSecurityFilterChain     : Will secure any request with [org.springframework.security.web.session.DisableEncodeUrlFilter@33439cdf, org.springframework.security.web.context.request.async.WebAsyncManagerIntegrationFilter@58d56ced, org.springframework.security.web.context.SecurityContextHolderFilter@23cd3c66, org.springframework.security.web.header.HeaderWriterFilter@21f3341c, org.springframework.web.filter.CorsFilter@2afc45f3, org.springframework.security.web.authentication.logout.LogoutFilter@57e78351, com.cblandon.inversiones.security.filters.JwtAuthorizationFilter@1e60da2e, com.cblandon.inversiones.security.filters.JwtAuthenticationFilter@3a02f9bf, org.springframework.security.web.savedrequest.RequestCacheAwareFilter@2647e5e, org.springframework.security.web.servletapi.SecurityContextHolderAwareRequestFilter@3a8fe9da, org.springframework.security.web.authentication.AnonymousAuthenticationFilter@15883f44, org.springframework.security.web.session.SessionManagementFilter@25504f67, org.springframework.security.web.access.ExceptionTranslationFilter@40bc269f, org.springframework.security.web.access.intercept.AuthorizationFilter@33547744]
2024-02-23T10:05:51.052-05:00  INFO 15032 --- [restartedMain] o.s.b.d.a.OptionalLiveReloadServer       : LiveReload server is running on port 35729
2024-02-23T10:05:51.063-05:00  INFO 15032 --- [restartedMain] o.s.b.w.embedded.tomcat.TomcatWebServer  : Tomcat started on port(s): 8091 (http) with context path ''
2024-02-23T10:05:51.067-05:00  INFO 15032 --- [restartedMain] c.c.inversiones.InversionesApplication   : Started InversionesApplication in 0.922 seconds (process running for 3470.284)
2024-02-23T10:05:51.068-05:00  INFO 15032 --- [restartedMain] .ConditionEvaluationDeltaLoggingListener : Condition evaluation unchanged
2024-02-23T10:06:26.184-05:00  INFO 15032 --- [SpringApplicationShutdownHook] j.LocalContainerEntityManagerFactoryBean : Closing JPA EntityManagerFactory for persistence unit 'default'
2024-02-23T10:06:26.184-05:00  INFO 15032 --- [SpringApplicationShutdownHook] com.zaxxer.hikari.HikariDataSource       : HikariPool-7 - Shutdown initiated...
2024-02-23T10:06:26.187-05:00  INFO 15032 --- [SpringApplicationShutdownHook] com.zaxxer.hikari.HikariDataSource       : HikariPool-7 - Shutdown completed.
